1606276959.053980     0     0     0     0     0     3     3     0     0     9    32     -
1606276960.107305     0     4     0     0     0 14344     7     0    20    26    33     -
1606276961.162478     0     3     0     0     0 14528     7   300    41    26    33     -
1606276962.235680     0     1     0     0     0 14732     7     0     0    27    33     -
1606276963.282508     0     2     0     0     0 14732     7     0     0    27    33     -
1606276964.334573     0    50    36     0     0 14732     7   235    35    55    35     -
1606276965.381009     0    55    39     0     0 14732     7   237    35    55    36     -
1606276966.434840     0     4     2     0     0 14732     7    39     5    33    35     -
1606276967.487499     0     4     2     0     0 14732     7    39     5    34    35     -
1606276968.536720     0     1     0     0     0 14732     7     0     0    26    35     -
1606276969.589555     0    83    38     0     0 14732     7   220    33    44    36     -
1606276970.643158     0    56    40     0     0 14732     7   223    33    53    37     -
1606276971.690024     0    36    26     0     0 14732     7    28     5    34    37     -
1606276972.746294     0     4     2     0     0 14732     7    28     4    34    37     -
1606276973.832720     0     7     2     0     0 14732     7     0     0    26    36     -
1606276974.885183     0    55    39     0     0 14732     7   221    33    55    38     -
1606276975.941015     0    54    38     0     0 14732     7   203    31    55    38     -
1606276976.987708     0     4     2     0     0 14732     7    39     5    34    38     -
1606276978.039592     0     4     2     0     0 14732     7    39     5    34    38     -
1606276979.094995     0    68    40     0     0 14732     7   218    33    42    39     -
1606276980.148790     0    54    39     0     0 14732     7   239    34    54    39     -
1606276981.204434     0    57    41     0     0 14732     7    39     5    34    39     -
1606276982.256441     0     4     2     0     0 14732     7    39     5    34    39     -
1606276983.308541     0     5     1     0     0 14732     7     0    22    27    39     -
1606276984.363784     0    54    38     0     0 14732     7   200    25    52    40     -
1606276985.417221     0    52    37     0     0 14732     7   248    33    55    41     -
1606276986.461871     0     4     2     0     0 14732     7    39     5    34    40     -
1606276987.517759     0     4     2     0     0 14732     7    39     5    34    40     -
1606276988.566624     0    62    40     0     0 14732     7   221    33    54    41     -
1606276989.612001     0    55    39     0     0 14732     7   222    33    55    41     -
1606276990.662054     0    48    34     0     0 14732     7    40     7    35    41     -
1606276991.713445     0     4     2     0     0 14732     7    39     5    34    41     -
1606276992.764801     0     3     1     0     0 14732     7    69    31    27    40     -
1606276993.817223     0    54    39     0     0 14732     7   233    33    56    42     -
1606276994.870004     0    55    39     0     0 14732     7   258    34    57    42     -
1606276995.918690     0     4     2     0     0 14732     7    39     5    35    41     -
1606276996.969674     0     4     2     0     0 14732     7    39     6    35    41     -
1606276998.028192     0    60    39     0     0 14732     7   216    24    54    42     -
1606276999.075471     0    54    38     0     0 14732     7   201    29    55    43     -
1606277000.149888     0    55    39     0     0 14732     7    61    41    36    42     -
1606277001.213566     0     4     2     0     0 14732     7    39     8    35    42     -
1606277002.260103     0     7     2     0     0 14732     7     0    18    28    42     -
1606277003.307413     0    52    37     0     0 14732     7   217    30    54    43     -
1606277004.354017     0    55    39     0     0 14732     7   232    31    57    44     -
1606277005.406486     0     4     2     0     0 14732     7    37     4    35    43     -
1606277006.453802     0     4     2     0     0 14732     7    39     5    36    43     -
1606277007.501593     0    79    40     0     0 14732     7   218    31    47    43     -
1606277008.553644     0    54    38     0     0 14732     7   218    31    57    44     -
1606277009.605193     0    45    32     0     0 14732     7    38     5    36    44     -
1606277010.660346     0     4     2     0     0 14732     7    39     5    35    43     -
1606277011.854436     0     7     2     0     0 14732     7   202    33    41    43     -
1606277012.907571     0    51    36     0     0 14732     7   231    33    56    45     -
1606277013.956334     0    52    37     0     0 14732     7   232    32    55    45     -
1606277015.008486     0     4     2     0     0 14732     7    39     5    36    44     -
1606277016.060202     0     4     2     0     0 14732     7    39     5    35    44     -
1606277017.105763     0    65    36     0     0 14732     7   244    32    51    44     -
1606277018.160284     0    52    37     0     0 14732     7   221    33    58    45     -
1606277019.207353     0    56    40     0     0 14732     7    39     5    36    45     -
1606277020.273280     0     4     2     0     0 14732     7    39     9    36    45     -
1606277021.333161     0     7     2     0     0 14732     7     0     1    28    44     -
1606277022.385740     0    51    36     0     0 14732     7   233    35    58    46     -
1606277023.439814     0    53    37     0     0 14732     7   204    28    57    46     -
1606277024.491661     0     4     2     0     0 14732     7    39     5    36    45     -
1606277025.542811     0     4     2     0     0 14732     7    39     5    36    45     -
1606277026.588287     0    89    41     0     0 14732     7   245    34    49    45     -
1606277027.635200     0    53    38     0     0 14732     7   221    33    57    46     -
1606277028.689790     0    46    33     0     0 14732     7    39     5    37    46     -
1606277029.736134     0     4     2     0     0 14732     7    39     5    36    46     -
1606277030.795775     0     7     2     0     0 14732     7     0     1    28    45     -
1606277031.843296     0    56    40     0     0 14732     7   244    34    58    47     -
1606277032.893873     0    55    39     0     0 14732     7   226    32    58    47     -
1606277033.947166     0     4     2     0     0 14732     7    39     6    36    46     -
1606277034.993203     0     4     2     0     0 14732     7    39     5    36    46     -
1606277036.044287     0    88    40     0     0 14732     7   232    33    46    46     -
1606277037.089138     0    56    40     0     0 14732     7   233    34    58    47     -
1606277038.143363     0    49    35     0     0 14732     7    39     5    37    47     -
1606277039.195916     0     4     2     0     0 14732     7    39     5    36    47     -
1606277040.259117     0     7     2     0     0 14732     7     0     1    28    46     -
1606277041.308528     0    55    39     0     0 14732     7   234    36    58    48     -
1606277042.361644     0    54    38     0     0 14732     7   230    33    57    48     -
1606277043.414037     0     4     2     0     0 14732     7    39     5    36    47     -
1606277044.458626     0     4     2     0     0 14732     7    39     5    36    47     -
1606277045.507363     0    89    40     0     0 14732     7   217    31    43    47     -
1606277046.562177     0    53    38     0     0 14732     7   207    32    56    48     -
1606277047.616139     0    58    41     0     0 14732     7    39     5    50    48     -
1606277048.667747     0     4     2     0     0 14732     7    39     5    36    48     -
1606277049.719813     0     7     2     0     0 14732     7     0     0    28    47     -
1606277050.778694     0    56    40     0     0 14732     7   229    36    59    48     -
1606277051.828394     0    55    39     0     0 14732     7   218    34    58    49     -
1606277052.883259     0     4     2     0     0 14732     7    39     5    37    48     -
1606277053.935559     0     4     2     0     0 14732     7    49     5    36    48     -
1606277054.990002     0    88    40     0     0 14732     7   232    32    48    48     -
1606277056.042363     0    55    39     0     0 14732     7   232    33    58    49     -
1606277057.087467     0    48    34     0     0 14732     7    39     5    36    49     -
1606277058.165486     0     4     2     0     0 14732     7   139     5    37    48     -
1606277059.219772     0     4     1     0     0 14732     7     0     0    28    48     -
